<?xml version="1.0" encoding="UTF-8"?>
<!-- Generated by org.testng.reporters.JUnitXMLReporter -->
<testsuite ignored="0" hostname="LAPTOP-BGIUKHQL" failures="2" tests="22" name="Default test" time="1190.103" errors="0" timestamp="2026-03-03T17:08:43 IST">
  <testcase classname="com.qa.visual.runner.MasterTestRunner" name="runLoginTest" time="27.492"/>
  <testcase classname="com.qa.visual.runner.MasterTestRunner" name="runLandingPageVisualTest" time="36.371"/>
  <testcase classname="com.qa.visual.runner.MasterTestRunner" name="runHomePageTest" time="42.101"/>
  <testcase classname="com.qa.visual.runner.MasterTestRunner" name="runWellAndTreatmentVisualTest" time="64.438"/>
  <testcase classname="com.qa.visual.runner.MasterTestRunner" name="runWellAndTreatmentLocationVisualTest" time="56.695"/>
  <testcase classname="com.qa.visual.runner.MasterTestRunner" name="runWellAndTreatmentCommentsVisualTest" time="44.531"/>
  <testcase classname="com.qa.visual.runner.MasterTestRunner" name="runChannelInputTest" time="49.142"/>
  <testcase classname="com.qa.visual.runner.MasterTestRunner" name="runWellboreConfigurationTest" time="132.706">
    <failure type="com.microsoft.playwright.TimeoutError" message="Error {
  message=&amp;apos;Timeout 30000ms exceeded.
  name=&amp;apos;TimeoutError
  stack=&amp;apos;TimeoutError: Timeout 30000ms exceeded.
    at ProgressController.run (C:\Users\WALKIN~1\AppData\Local\Temp\playwright-java-8650063456994504880\package\lib\server\progress.js:75:26)
    at Frame.click (C:\Users\WALKIN~1\AppData\Local\Temp\playwright-java-8650063456994504880\package\lib\server\frames.js:1022:23)
    at FrameDispatcher.click (C:\Users\WALKIN~1\AppData\Local\Temp\playwright-java-8650063456994504880\package\lib\server\dispatchers\frameDispatcher.js:157:30)
    at FrameDispatcher._handleCommand (C:\Users\WALKIN~1\AppData\Local\Temp\playwright-java-8650063456994504880\package\lib\server\dispatchers\dispatcher.js:96:40)
    at DispatcherConnection.dispatch (C:\Users\WALKIN~1\AppData\Local\Temp\playwright-java-8650063456994504880\package\lib\server\dispatchers\dispatcher.js:366:39)
}
Call log:
-   - waiting for locator(&amp;quot;//ng-select[@id=&amp;apos;specify&amp;apos;]/div/div&amp;quot;)
-     - locator resolved to &amp;lt;div class=&amp;quot;ng-value-container&amp;quot;&amp;gt;…&amp;lt;/div&amp;gt;
-   - attempting click action
-     2 × waiting for element to be visible, enabled and stable
-       - element is not visible
-     - retrying click action
-     - waiting 20ms
-     2 × waiting for element to be visible, enabled and stable
-       - element is not visible
-     - retrying click action
-       - waiting 100ms
-     57 × waiting for element to be visible, enabled and stable
-        - element is not visible
-      - retrying click action
-        - waiting 500ms
-     - waiting for element to be visible, enabled and stable
">
      <![CDATA[com.microsoft.playwright.TimeoutError: Error {
  message='Timeout 30000ms exceeded.
  name='TimeoutError
  stack='TimeoutError: Timeout 30000ms exceeded.
    at ProgressController.run (C:\Users\WALKIN~1\AppData\Local\Temp\playwright-java-8650063456994504880\package\lib\server\progress.js:75:26)
    at Frame.click (C:\Users\WALKIN~1\AppData\Local\Temp\playwright-java-8650063456994504880\package\lib\server\frames.js:1022:23)
    at FrameDispatcher.click (C:\Users\WALKIN~1\AppData\Local\Temp\playwright-java-8650063456994504880\package\lib\server\dispatchers\frameDispatcher.js:157:30)
    at FrameDispatcher._handleCommand (C:\Users\WALKIN~1\AppData\Local\Temp\playwright-java-8650063456994504880\package\lib\server\dispatchers\dispatcher.js:96:40)
    at DispatcherConnection.dispatch (C:\Users\WALKIN~1\AppData\Local\Temp\playwright-java-8650063456994504880\package\lib\server\dispatchers\dispatcher.js:366:39)
}
Call log:
-   - waiting for locator("//ng-select[@id='specify']/div/div")
-     - locator resolved to <div class="ng-value-container">…</div>
-   - attempting click action
-     2 × waiting for element to be visible, enabled and stable
-       - element is not visible
-     - retrying click action
-     - waiting 20ms
-     2 × waiting for element to be visible, enabled and stable
-       - element is not visible
-     - retrying click action
-       - waiting 100ms
-     57 × waiting for element to be visible, enabled and stable
-        - element is not visible
-      - retrying click action
-        - waiting 500ms
-     - waiting for element to be visible, enabled and stable

at com.microsoft.playwright.impl.WaitableResult.get(WaitableResult.java:52)
at com.microsoft.playwright.impl.ChannelOwner.runUntil(ChannelOwner.java:132)
at com.microsoft.playwright.impl.Connection.sendMessage(Connection.java:130)
at com.microsoft.playwright.impl.ChannelOwner.sendMessage(ChannelOwner.java:118)
at com.microsoft.playwright.impl.FrameImpl.clickImpl(FrameImpl.java:252)
at com.microsoft.playwright.impl.FrameImpl.lambda$click$8(FrameImpl.java:243)
at com.microsoft.playwright.impl.LoggingSupport.lambda$withLogging$0(LoggingSupport.java:36)
at com.microsoft.playwright.impl.LoggingSupport.withLogging(LoggingSupport.java:47)
at com.microsoft.playwright.impl.ChannelOwner.withLogging(ChannelOwner.java:97)
at com.microsoft.playwright.impl.LoggingSupport.withLogging(LoggingSupport.java:35)
at com.microsoft.playwright.impl.FrameImpl.click(FrameImpl.java:243)
at com.microsoft.playwright.impl.LocatorImpl.click(LocatorImpl.java:174)
at com.microsoft.playwright.Locator.click(Locator.java:2508)
at com.qa.visual.tests.WellboreConfiguration.verifyWellboreConfigurationPageVisualRegression(WellboreConfiguration.java:110)
at com.qa.visual.runner.MasterTestRunner.runWellboreConfigurationTest(MasterTestRunner.java:172)
at java.base/jdk.internal.reflect.DirectMethodHandleAccessor.invoke(DirectMethodHandleAccessor.java:103)
at java.base/java.lang.reflect.Method.invoke(Method.java:580)
at org.testng.internal.invokers.MethodInvocationHelper.invokeMethod(MethodInvocationHelper.java:141)
at org.testng.internal.invokers.TestInvoker.invokeMethod(TestInvoker.java:687)
at org.testng.internal.invokers.TestInvoker.invokeTestMethod(TestInvoker.java:230)
at org.testng.internal.invokers.MethodRunner.runInSequence(MethodRunner.java:63)
at org.testng.internal.invokers.TestInvoker$MethodInvocationAgent.invoke(TestInvoker.java:995)
at org.testng.internal.invokers.TestInvoker.invokeTestMethods(TestInvoker.java:203)
at org.testng.internal.invokers.TestMethodWorker.invokeTestMethods(TestMethodWorker.java:154)
at org.testng.internal.invokers.TestMethodWorker.run(TestMethodWorker.java:134)
at java.base/java.util.ArrayList.forEach(ArrayList.java:1596)
at org.testng.TestRunner.privateRun(TestRunner.java:741)
at org.testng.TestRunner.run(TestRunner.java:616)
at org.testng.SuiteRunner.runTest(SuiteRunner.java:421)
at org.testng.SuiteRunner.runSequentially(SuiteRunner.java:413)
at org.testng.SuiteRunner.privateRun(SuiteRunner.java:373)
at org.testng.SuiteRunner.run(SuiteRunner.java:312)
at org.testng.SuiteRunnerWorker.runSuite(SuiteRunnerWorker.java:52)
at org.testng.SuiteRunnerWorker.run(SuiteRunnerWorker.java:95)
at org.testng.TestNG.runSuitesSequentially(TestNG.java:1274)
at org.testng.TestNG.runSuitesLocally(TestNG.java:1208)
at org.testng.TestNG.runSuites(TestNG.java:1112)
at org.testng.TestNG.run(TestNG.java:1079)
at org.testng.remote.AbstractRemoteTestNG.run(AbstractRemoteTestNG.java:115)
at org.testng.remote.RemoteTestNG.initAndRun(RemoteTestNG.java:293)
at org.testng.remote.RemoteTestNG.main(RemoteTestNG.java:91)
Caused by: com.microsoft.playwright.TimeoutError: Error {
  message='Timeout 30000ms exceeded.
  name='TimeoutError
  stack='TimeoutError: Timeout 30000ms exceeded.
    at ProgressController.run (C:\Users\WALKIN~1\AppData\Local\Temp\playwright-java-8650063456994504880\package\lib\server\progress.js:75:26)
    at Frame.click (C:\Users\WALKIN~1\AppData\Local\Temp\playwright-java-8650063456994504880\package\lib\server\frames.js:1022:23)
    at FrameDispatcher.click (C:\Users\WALKIN~1\AppData\Local\Temp\playwright-java-8650063456994504880\package\lib\server\dispatchers\frameDispatcher.js:157:30)
    at FrameDispatcher._handleCommand (C:\Users\WALKIN~1\AppData\Local\Temp\playwright-java-8650063456994504880\package\lib\server\dispatchers\dispatcher.js:96:40)
    at DispatcherConnection.dispatch (C:\Users\WALKIN~1\AppData\Local\Temp\playwright-java-8650063456994504880\package\lib\server\dispatchers\dispatcher.js:366:39)
}
Call log:
-   - waiting for locator("//ng-select[@id='specify']/div/div")
-     - locator resolved to <div class="ng-value-container">…</div>
-   - attempting click action
-     2 × waiting for element to be visible, enabled and stable
-       - element is not visible
-     - retrying click action
-     - waiting 20ms
-     2 × waiting for element to be visible, enabled and stable
-       - element is not visible
-     - retrying click action
-       - waiting 100ms
-     57 × waiting for element to be visible, enabled and stable
-        - element is not visible
-      - retrying click action
-        - waiting 500ms
-     - waiting for element to be visible, enabled and stable

at com.microsoft.playwright.impl.Connection.dispatch(Connection.java:254)
at com.microsoft.playwright.impl.Connection.processOneMessage(Connection.java:211)
at com.microsoft.playwright.impl.ChannelOwner.runUntil(ChannelOwner.java:130)
... 39 more
]]>
    </failure>
  </testcase> <!-- runWellboreConfigurationTest -->
  <testcase classname="com.qa.visual.runner.MasterTestRunner" name="runHeatTransferVisualRegressionTest" time="62.455"/>
  <testcase classname="com.qa.visual.runner.MasterTestRunner" name="runResorviorParameterVisualTest" time="34.687"/>
  <testcase classname="com.qa.visual.runner.MasterTestRunner" name="runMaterialSelectionTest" time="125.492">
    <failure type="com.microsoft.playwright.TimeoutError" message="Error {
  message=&amp;apos;Timeout 30000ms exceeded.
  name=&amp;apos;TimeoutError
  stack=&amp;apos;TimeoutError: Timeout 30000ms exceeded.
    at ProgressController.run (C:\Users\WALKIN~1\AppData\Local\Temp\playwright-java-8650063456994504880\package\lib\server\progress.js:75:26)
    at Frame.click (C:\Users\WALKIN~1\AppData\Local\Temp\playwright-java-8650063456994504880\package\lib\server\frames.js:1022:23)
    at FrameDispatcher.click (C:\Users\WALKIN~1\AppData\Local\Temp\playwright-java-8650063456994504880\package\lib\server\dispatchers\frameDispatcher.js:157:30)
    at FrameDispatcher._handleCommand (C:\Users\WALKIN~1\AppData\Local\Temp\playwright-java-8650063456994504880\package\lib\server\dispatchers\dispatcher.js:96:40)
    at DispatcherConnection.dispatch (C:\Users\WALKIN~1\AppData\Local\Temp\playwright-java-8650063456994504880\package\lib\server\dispatchers\dispatcher.js:366:39)
}
Call log:
-   - waiting for locator(&amp;quot;//*[@alt=&amp;apos;Edit&amp;apos;]&amp;quot;)
-     - locator resolved to &amp;lt;img alt=&amp;quot;Edit&amp;quot; src=&amp;quot;assets/icons/edit_square.svg&amp;quot;/&amp;gt;
-   - attempting click action
-     2 × waiting for element to be visible, enabled and stable
-       - element is visible, enabled and stable
-       - scrolling into view if needed
-       - done scrolling
-       - &amp;lt;div&amp;gt;…&amp;lt;/div&amp;gt; intercepts pointer events
-     - retrying click action
-     - waiting 20ms
-     2 × waiting for element to be visible, enabled and stable
-       - element is visible, enabled and stable
-       - scrolling into view if needed
-       - done scrolling
-       - &amp;lt;div&amp;gt;…&amp;lt;/div&amp;gt; intercepts pointer events
-     - retrying click action
-       - waiting 100ms
-     57 × waiting for element to be visible, enabled and stable
-        - element is visible, enabled and stable
-        - scrolling into view if needed
-        - done scrolling
-        - &amp;lt;div&amp;gt;…&amp;lt;/div&amp;gt; intercepts pointer events
-      - retrying click action
-        - waiting 500ms
">
      <![CDATA[com.microsoft.playwright.TimeoutError: Error {
  message='Timeout 30000ms exceeded.
  name='TimeoutError
  stack='TimeoutError: Timeout 30000ms exceeded.
    at ProgressController.run (C:\Users\WALKIN~1\AppData\Local\Temp\playwright-java-8650063456994504880\package\lib\server\progress.js:75:26)
    at Frame.click (C:\Users\WALKIN~1\AppData\Local\Temp\playwright-java-8650063456994504880\package\lib\server\frames.js:1022:23)
    at FrameDispatcher.click (C:\Users\WALKIN~1\AppData\Local\Temp\playwright-java-8650063456994504880\package\lib\server\dispatchers\frameDispatcher.js:157:30)
    at FrameDispatcher._handleCommand (C:\Users\WALKIN~1\AppData\Local\Temp\playwright-java-8650063456994504880\package\lib\server\dispatchers\dispatcher.js:96:40)
    at DispatcherConnection.dispatch (C:\Users\WALKIN~1\AppData\Local\Temp\playwright-java-8650063456994504880\package\lib\server\dispatchers\dispatcher.js:366:39)
}
Call log:
-   - waiting for locator("//*[@alt='Edit']")
-     - locator resolved to <img alt="Edit" src="assets/icons/edit_square.svg"/>
-   - attempting click action
-     2 × waiting for element to be visible, enabled and stable
-       - element is visible, enabled and stable
-       - scrolling into view if needed
-       - done scrolling
-       - <div>…</div> intercepts pointer events
-     - retrying click action
-     - waiting 20ms
-     2 × waiting for element to be visible, enabled and stable
-       - element is visible, enabled and stable
-       - scrolling into view if needed
-       - done scrolling
-       - <div>…</div> intercepts pointer events
-     - retrying click action
-       - waiting 100ms
-     57 × waiting for element to be visible, enabled and stable
-        - element is visible, enabled and stable
-        - scrolling into view if needed
-        - done scrolling
-        - <div>…</div> intercepts pointer events
-      - retrying click action
-        - waiting 500ms

at com.microsoft.playwright.impl.WaitableResult.get(WaitableResult.java:52)
at com.microsoft.playwright.impl.ChannelOwner.runUntil(ChannelOwner.java:132)
at com.microsoft.playwright.impl.Connection.sendMessage(Connection.java:130)
at com.microsoft.playwright.impl.ChannelOwner.sendMessage(ChannelOwner.java:118)
at com.microsoft.playwright.impl.FrameImpl.clickImpl(FrameImpl.java:252)
at com.microsoft.playwright.impl.PageImpl.lambda$click$18(PageImpl.java:688)
at com.microsoft.playwright.impl.LoggingSupport.lambda$withLogging$0(LoggingSupport.java:36)
at com.microsoft.playwright.impl.LoggingSupport.withLogging(LoggingSupport.java:47)
at com.microsoft.playwright.impl.ChannelOwner.withLogging(ChannelOwner.java:97)
at com.microsoft.playwright.impl.LoggingSupport.withLogging(LoggingSupport.java:35)
at com.microsoft.playwright.impl.PageImpl.click(PageImpl.java:687)
at com.microsoft.playwright.Page.click(Page.java:3931)
at com.qa.visual.utils.CommonUtils.click(CommonUtils.java:88)
at com.qa.visual.tests.Material_Selection.verifyMaterialSelectionWorkflowVisuals(Material_Selection.java:66)
at com.qa.visual.runner.MasterTestRunner.runMaterialSelectionTest(MasterTestRunner.java:208)
at java.base/jdk.internal.reflect.DirectMethodHandleAccessor.invoke(DirectMethodHandleAccessor.java:103)
at java.base/java.lang.reflect.Method.invoke(Method.java:580)
at org.testng.internal.invokers.MethodInvocationHelper.invokeMethod(MethodInvocationHelper.java:141)
at org.testng.internal.invokers.TestInvoker.invokeMethod(TestInvoker.java:687)
at org.testng.internal.invokers.TestInvoker.invokeTestMethod(TestInvoker.java:230)
at org.testng.internal.invokers.MethodRunner.runInSequence(MethodRunner.java:63)
at org.testng.internal.invokers.TestInvoker$MethodInvocationAgent.invoke(TestInvoker.java:995)
at org.testng.internal.invokers.TestInvoker.invokeTestMethods(TestInvoker.java:203)
at org.testng.internal.invokers.TestMethodWorker.invokeTestMethods(TestMethodWorker.java:154)
at org.testng.internal.invokers.TestMethodWorker.run(TestMethodWorker.java:134)
at java.base/java.util.ArrayList.forEach(ArrayList.java:1596)
at org.testng.TestRunner.privateRun(TestRunner.java:741)
at org.testng.TestRunner.run(TestRunner.java:616)
at org.testng.SuiteRunner.runTest(SuiteRunner.java:421)
at org.testng.SuiteRunner.runSequentially(SuiteRunner.java:413)
at org.testng.SuiteRunner.privateRun(SuiteRunner.java:373)
at org.testng.SuiteRunner.run(SuiteRunner.java:312)
at org.testng.SuiteRunnerWorker.runSuite(SuiteRunnerWorker.java:52)
at org.testng.SuiteRunnerWorker.run(SuiteRunnerWorker.java:95)
at org.testng.TestNG.runSuitesSequentially(TestNG.java:1274)
at org.testng.TestNG.runSuitesLocally(TestNG.java:1208)
at org.testng.TestNG.runSuites(TestNG.java:1112)
at org.testng.TestNG.run(TestNG.java:1079)
at org.testng.remote.AbstractRemoteTestNG.run(AbstractRemoteTestNG.java:115)
at org.testng.remote.RemoteTestNG.initAndRun(RemoteTestNG.java:293)
at org.testng.remote.RemoteTestNG.main(RemoteTestNG.java:91)
Caused by: com.microsoft.playwright.TimeoutError: Error {
  message='Timeout 30000ms exceeded.
  name='TimeoutError
  stack='TimeoutError: Timeout 30000ms exceeded.
    at ProgressController.run (C:\Users\WALKIN~1\AppData\Local\Temp\playwright-java-8650063456994504880\package\lib\server\progress.js:75:26)
    at Frame.click (C:\Users\WALKIN~1\AppData\Local\Temp\playwright-java-8650063456994504880\package\lib\server\frames.js:1022:23)
    at FrameDispatcher.click (C:\Users\WALKIN~1\AppData\Local\Temp\playwright-java-8650063456994504880\package\lib\server\dispatchers\frameDispatcher.js:157:30)
    at FrameDispatcher._handleCommand (C:\Users\WALKIN~1\AppData\Local\Temp\playwright-java-8650063456994504880\package\lib\server\dispatchers\dispatcher.js:96:40)
    at DispatcherConnection.dispatch (C:\Users\WALKIN~1\AppData\Local\Temp\playwright-java-8650063456994504880\package\lib\server\dispatchers\dispatcher.js:366:39)
}
Call log:
-   - waiting for locator("//*[@alt='Edit']")
-     - locator resolved to <img alt="Edit" src="assets/icons/edit_square.svg"/>
-   - attempting click action
-     2 × waiting for element to be visible, enabled and stable
-       - element is visible, enabled and stable
-       - scrolling into view if needed
-       - done scrolling
-       - <div>…</div> intercepts pointer events
-     - retrying click action
-     - waiting 20ms
-     2 × waiting for element to be visible, enabled and stable
-       - element is visible, enabled and stable
-       - scrolling into view if needed
-       - done scrolling
-       - <div>…</div> intercepts pointer events
-     - retrying click action
-       - waiting 100ms
-     57 × waiting for element to be visible, enabled and stable
-        - element is visible, enabled and stable
-        - scrolling into view if needed
-        - done scrolling
-        - <div>…</div> intercepts pointer events
-      - retrying click action
-        - waiting 500ms

at com.microsoft.playwright.impl.Connection.dispatch(Connection.java:254)
at com.microsoft.playwright.impl.Connection.processOneMessage(Connection.java:211)
at com.microsoft.playwright.impl.ChannelOwner.runUntil(ChannelOwner.java:130)
... 39 more
]]>
    </failure>
  </testcase> <!-- runMaterialSelectionTest -->
  <testcase classname="com.qa.visual.runner.MasterTestRunner" name="runTreatmentScheduleTest" time="61.55"/>
  <testcase classname="com.qa.visual.runner.MasterTestRunner" name="runEntryFrictionTest" time="46.752"/>
  <testcase classname="com.qa.visual.runner.MasterTestRunner" name="runPlotTest" time="75.658"/>
  <testcase classname="com.qa.visual.runner.MasterTestRunner" name="runReportTest" time="51.02"/>
  <testcase classname="com.qa.visual.runner.MasterTestRunner" name="runUserDefinedChannelTest" time="40.091"/>
  <testcase classname="com.qa.visual.runner.MasterTestRunner" name="runVersionControlTest" time="46.692"/>
  <testcase classname="com.qa.visual.runner.MasterTestRunner" name="runSaveAndNextTest" time="41.868"/>
  <testcase classname="com.qa.visual.runner.MasterTestRunner" name="runRunModelTest" time="53.49"/>
  <testcase classname="com.qa.visual.runner.MasterTestRunner" name="runNewDashboardTest" time="44.555"/>
  <testcase classname="com.qa.visual.runner.MasterTestRunner" name="runMyProfileTest" time="36.713"/>
  <testcase classname="com.qa.visual.runner.MasterTestRunner" name="runForgetPasswordTest" time="15.465"/>
</testsuite> <!-- Default test -->
