<?xml version="1.0" encoding="UTF-8"?>
<!-- Generated by org.testng.reporters.JUnitReportReporter -->
<testsuite hostname="DESKTOP-3EBNL77" failures="0" tests="1" name="com.qa.visual.tests.WellboreConfiguration" time="133.139" errors="0" timestamp="2025-12-22T16:07:35 IST" skipped="0">
  <testcase classname="com.qa.visual.tests.WellboreConfiguration" name="verifyWellboreConfigurationPageVisualRegression" time="133.139"/>
  <system-out/>
</testsuite> <!-- com.qa.visual.tests.WellboreConfiguration -->
