<?xml version="1.0" encoding="UTF-8"?>
<!-- Generated by org.testng.reporters.JUnitReportReporter -->
<testsuite hostname="DESKTOP-3EBNL77" failures="0" tests="1" name="com.qa.visual.runner.SelectivePriorityTestRunner" time="129.917" errors="0" timestamp="2025-12-16T14:40:35 IST" skipped="0">
  <testcase classname="com.qa.visual.runner.SelectivePriorityTestRunner" name="runSelectedPriorityTests" time="129.917"/>
  <system-out/>
</testsuite> <!-- com.qa.visual.runner.SelectivePriorityTestRunner -->
