<?xml version="1.0" encoding="UTF-8"?>
<!-- Generated by org.testng.reporters.JUnitReportReporter -->
<testsuite hostname="DESKTOP-3EBNL77" failures="0" tests="1" name="com.qa.visual.tests.TreatmentScheduleTest" time="49.683" errors="0" timestamp="2025-12-01T12:20:19 IST" skipped="0">
  <testcase classname="com.qa.visual.tests.TreatmentScheduleTest" name="verifyTreatmentScheduledPageVisualRegression" time="49.683"/>
  <system-out/>
</testsuite> <!-- com.qa.visual.tests.TreatmentScheduleTest -->
