<?xml version="1.0" encoding="UTF-8"?>
<!-- Generated by org.testng.reporters.JUnitReportReporter -->
<testsuite hostname="DESKTOP-3EBNL77" failures="0" tests="1" name="com.qa.visual.tests.UserDefinedChannelsTest" time="33.137" errors="0" timestamp="2025-12-04T13:55:55 IST" skipped="0">
  <testcase classname="com.qa.visual.tests.UserDefinedChannelsTest" name="verifyUserDefinedChannelPageVisualRegression" time="33.137"/>
  <system-out/>
</testsuite> <!-- com.qa.visual.tests.UserDefinedChannelsTest -->
