<?xml version="1.0" encoding="UTF-8"?>
<!-- Generated by org.testng.reporters.JUnitReportReporter -->
<testsuite hostname="DESKTOP-3EBNL77" failures="0" tests="1" name="com.qa.visual.tests.WellAndTreatmentLocation" time="63.552" errors="0" timestamp="2025-12-16T13:02:54 IST" skipped="0">
  <testcase classname="com.qa.visual.tests.WellAndTreatmentLocation" name="verifyWelltreatmentLocationAdditionalInfoPageVisualRegression" time="63.552"/>
  <system-out/>
</testsuite> <!-- com.qa.visual.tests.WellAndTreatmentLocation -->
