<?xml version="1.0" encoding="UTF-8"?>
<!-- Generated by org.testng.reporters.JUnitReportReporter -->
<testsuite hostname="DESKTOP-3EBNL77" failures="1" tests="1" name="com.qa.visual.tests.PlotTest" time="63.399" errors="0" timestamp="2025-12-16T18:44:42 IST" skipped="0">
  <testcase classname="com.qa.visual.tests.PlotTest" name="verifyPlotPageVisualRegression" time="63.399">
    <failure message="❌ Visual regression in &#039;PlotViewCollapsed&#039; ➜ 7.54% diff (threshold 0.50%). Diff stored at: screenshots\diff\Plots\PlotViewCollapsed\PlotViewCollapsed_diff.png" type="java.lang.AssertionError">
      <![CDATA[java.lang.AssertionError: ❌ Visual regression in 'PlotViewCollapsed' ➜ 7.54% diff (threshold 0.50%). Diff stored at: screenshots\diff\Plots\PlotViewCollapsed\PlotViewCollapsed_diff.png
at org.testng.Assert.fail(Assert.java:99)
at com.qa.visual.utils.CommonUtils.captureAndValidateVisualRegression(CommonUtils.java:523)
at com.qa.visual.tests.PlotTest.verifyPlotPageVisualRegression(PlotTest.java:54)
at java.base/jdk.internal.reflect.DirectMethodHandleAccessor.invoke(DirectMethodHandleAccessor.java:103)
at java.base/java.lang.reflect.Method.invoke(Method.java:580)
at org.testng.internal.MethodInvocationHelper.invokeMethod(MethodInvocationHelper.java:133)
at org.testng.internal.TestInvoker.invokeMethod(TestInvoker.java:598)
at org.testng.internal.TestInvoker.invokeTestMethod(TestInvoker.java:173)
at org.testng.internal.MethodRunner.runInSequence(MethodRunner.java:46)
at org.testng.internal.TestInvoker$MethodInvocationAgent.invoke(TestInvoker.java:824)
at org.testng.internal.TestInvoker.invokeTestMethods(TestInvoker.java:146)
at org.testng.internal.TestMethodWorker.invokeTestMethods(TestMethodWorker.java:146)
at org.testng.internal.TestMethodWorker.run(TestMethodWorker.java:128)
at java.base/java.util.ArrayList.forEach(ArrayList.java:1597)
at org.testng.TestRunner.privateRun(TestRunner.java:794)
at org.testng.TestRunner.run(TestRunner.java:596)
at org.testng.SuiteRunner.runTest(SuiteRunner.java:377)
at org.testng.SuiteRunner.runSequentially(SuiteRunner.java:371)
at org.testng.SuiteRunner.privateRun(SuiteRunner.java:332)
at org.testng.SuiteRunner.run(SuiteRunner.java:276)
at org.testng.SuiteRunnerWorker.runSuite(SuiteRunnerWorker.java:53)
at org.testng.SuiteRunnerWorker.run(SuiteRunnerWorker.java:96)
at org.testng.TestNG.runSuitesSequentially(TestNG.java:1212)
at org.testng.TestNG.runSuitesLocally(TestNG.java:1134)
at org.testng.TestNG.runSuites(TestNG.java:1063)
at org.testng.TestNG.run(TestNG.java:1031)
at org.testng.remote.AbstractRemoteTestNG.run(AbstractRemoteTestNG.java:115)
at org.testng.remote.RemoteTestNG.initAndRun(RemoteTestNG.java:293)
at org.testng.remote.RemoteTestNG.main(RemoteTestNG.java:91)
]]>
    </failure>
  </testcase> <!-- verifyPlotPageVisualRegression -->
  <system-out/>
</testsuite> <!-- com.qa.visual.tests.PlotTest -->
